<?xml version="1.0" encoding="UTF-8"?>
<!-- Generated by org.testng.reporters.JUnitReportReporter -->
<testsuite hostname="BA-000175025" failures="0" tests="1" name="com.nxtgenai.jobportal.UpdateJobDetails" time="0.021" errors="0" timestamp="2023-06-05T15:52:45 IST" skipped="0">
  <testcase classname="com.nxtgenai.jobportal.UpdateJobDetails" name="updateJobDetails" time="0.021"/>
  <system-out>
    <![CDATA[Status Code is verified successfully as : 200
Status Line is verified successfully as :HTTP/1.1 200 
Content-Type is verified successfully as : application/json]]>
  </system-out>
</testsuite> <!-- com.nxtgenai.jobportal.UpdateJobDetails -->
