<?xml version="1.0" encoding="UTF-8"?>
<!-- Generated by org.testng.reporters.JUnitReportReporter -->
<testsuite hostname="DESKTOP-02HTNM8" failures="0" tests="1" name="com.nxtgenai.jobportal.DeleteJobId" time="0.022" errors="0" timestamp="26 May 2023 00:46:32 GMT" skipped="0">
  <testcase classname="com.nxtgenai.jobportal.DeleteJobId" name="deleteJobId" time="0.022"/>
</testsuite> <!-- com.nxtgenai.jobportal.DeleteJobId -->
