<?xml version="1.0" encoding="UTF-8"?>
<!-- Generated by org.testng.reporters.JUnitReportReporter -->
<testsuite hostname="DESKTOP-02HTNM8" failures="0" tests="1" name="com.nxtgenai.jobportal.UpdateJobDetailsUsingJsonFile" time="1.313" errors="0" timestamp="28 May 2023 13:25:45 GMT" skipped="0">
  <testcase classname="com.nxtgenai.jobportal.UpdateJobDetailsUsingJsonFile" name="updateJobDetails" time="1.313"/>
</testsuite> <!-- com.nxtgenai.jobportal.UpdateJobDetailsUsingJsonFile -->
