<?xml version="1.0" encoding="UTF-8"?>
<!-- Generated by org.testng.reporters.JUnitReportReporter -->
<testsuite hostname="BA-000175025" failures="0" tests="1" name="com.nxtgenai.jobportal.CreateJobId" time="0.036" errors="0" timestamp="2023-06-05T15:52:45 IST" skipped="0">
  <testcase classname="com.nxtgenai.jobportal.CreateJobId" name="createJobDetails" time="0.036"/>
  <system-out>
    <![CDATA[Status Code is verified successfully as : 201
Status Line is verified successfully as : HTTP/1.1 201 
Content-Type is verified successfully as : application/json]]>
  </system-out>
</testsuite> <!-- com.nxtgenai.jobportal.CreateJobId -->
