<?xml version="1.0" encoding="UTF-8"?>
<!-- Generated by org.testng.reporters.JUnitReportReporter -->
<testsuite hostname="BA-000175025" failures="0" tests="1" name="com.nxtgenai.auth.AuthAPITest" time="3.067" errors="0" timestamp="2023-06-05T15:52:45 IST" skipped="0">
  <testcase classname="com.nxtgenai.auth.AuthAPITest" name="autheticateAPIUsingGetMethod" time="3.067"/>
  <system-out>
    <![CDATA[Status Code is verified successfully as : 200
Status Line is verified successfully as : HTTP/1.1 200 OK
Content-Type is verified successfully as : application/json; charset=utf-8
Message body verified successfully as : true]]>
  </system-out>
</testsuite> <!-- com.nxtgenai.auth.AuthAPITest -->
