<?xml version="1.0" encoding="UTF-8"?>
<!-- Generated by org.testng.reporters.JUnitReportReporter -->
<testsuite hostname="DESKTOP-02HTNM8" failures="0" tests="1" name="com.nxtgenai.jobportal.CreateJobIdUsingJsonFile" time="1.258" errors="0" timestamp="28 May 2023 13:16:42 GMT" skipped="0">
  <testcase classname="com.nxtgenai.jobportal.CreateJobIdUsingJsonFile" name="createJobDetails" time="1.258"/>
</testsuite> <!-- com.nxtgenai.jobportal.CreateJobIdUsingJsonFile -->
