<?xml version="1.0" encoding="UTF-8"?>
<!-- Generated by org.testng.reporters.JUnitReportReporter -->
<testsuite hostname="BA-000175025" failures="0" tests="1" name="com.nxtgenai.jobportal.UpdateJobDetails" time="0.020" errors="0" timestamp="2023-05-31T18:41:25 IST" skipped="0">
  <testcase classname="com.nxtgenai.jobportal.UpdateJobDetails" name="updateJobDetails" time="0.020"/>
  <system-out/>
</testsuite> <!-- com.nxtgenai.jobportal.UpdateJobDetails -->
