<?xml version="1.0" encoding="UTF-8"?>
<!-- Generated by org.testng.reporters.JUnitReportReporter -->
<testsuite hostname="BA-000175025" failures="0" tests="1" name="com.nxtgenai.jobportal.UpdatedJobDescription" time="0.026" errors="0" timestamp="2023-05-31T18:41:25 IST" skipped="0">
  <testcase classname="com.nxtgenai.jobportal.UpdatedJobDescription" name="updateJobDescription" time="0.026"/>
  <system-out/>
</testsuite> <!-- com.nxtgenai.jobportal.UpdatedJobDescription -->
