<?xml version="1.0" encoding="UTF-8"?>
<!-- Generated by org.testng.reporters.JUnitReportReporter -->
<testsuite hostname="BA-000175025" failures="0" tests="1" name="com.nxtgenai.jobportal.DeleteJobDetails" time="0.033" errors="0" timestamp="2023-05-31T18:41:25 IST" skipped="0">
  <testcase classname="com.nxtgenai.jobportal.DeleteJobDetails" name="deleteJobDetails" time="0.033"/>
  <system-out/>
</testsuite> <!-- com.nxtgenai.jobportal.DeleteJobDetails -->
